<?xml version="1.0" encoding="UTF-8" ?>
<testsuite errors="2" failures="0" hostname="pumpkin" name="binaryheap.BinaryHeapTest" skipped="0" tests="2" time="0.128" timestamp="2021-04-05T02:53:33">
  <properties>
[...]
</properties>
  <testcase classname="binaryheap.BinaryHeapTest" name="testAdd" time="0.02">
    <error message="Index: 3, Size: 1" type="java.lang.IndexOutOfBoundsException">java.lang.IndexOutOfBoundsException: Index: 3, Size: 1
	at java.util.ArrayList.rangeCheckForAdd(ArrayList.java:667)
	at java.util.ArrayList.add(ArrayList.java:479)
	at binaryheap.BinaryHeap.add(BinaryHeap.java:83)
	at binaryheap.BinaryHeapTest.buildHeap(BinaryHeapTest.java:95)
	at binaryheap.BinaryHeapTest.testAdd(BinaryHeapTest.java:49)
</error>
  </testcase>
  <testcase classname="binaryheap.BinaryHeapTest" name="testRemove" time="0.003">
    <error message="Index: 3, Size: 1" type="java.lang.IndexOutOfBoundsException">java.lang.IndexOutOfBoundsException: Index: 3, Size: 1
	at java.util.ArrayList.rangeCheckForAdd(ArrayList.java:667)
	at java.util.ArrayList.add(ArrayList.java:479)
	at binaryheap.BinaryHeap.add(BinaryHeap.java:83)
	at binaryheap.BinaryHeapTest.buildHeap(BinaryHeapTest.java:95)
	at binaryheap.BinaryHeapTest.testRemove(BinaryHeapTest.java:112)
</error>
  </testcase>
  <system-out><![CDATA[]]></system-out>
  <system-err><![CDATA[]]></system-err>
</testsuite>
